<?xml version="1.0" encoding="UTF-8"?>
<!-- Generated by org.testng.reporters.JUnitReportReporter -->
<testsuite skipped="0" hostname="USBLRRITAGHOSH1" name="gwtest.NewTest" tests="1" failures="0" timestamp="22 Feb 2018 10:17:58 GMT" time="131.396" errors="0">
  <testcase name="login" time="131.396" classname="gwtest.NewTest"/>
</testsuite> <!-- gwtest.NewTest -->
